<?xml version="1.0" encoding="UTF-8"?>
<!-- Generated by org.testng.reporters.JUnitXMLReporter -->
<testsuite ignored="0" hostname="DESKTOP-B7I2MM8" failures="0" tests="11" name="loginPageTest" time="38.557" errors="0" timestamp="2024-09-26T06:35:07 IST">
  <testcase classname="testCases.TC01_AdminPageTest" name="loginWithValidCredentials" time="3.096"/>
  <testcase classname="testCases.TC01_AdminPageTest" name="clickAdminButton" time="1.531"/>
  <testcase classname="testCases.TC01_AdminPageTest" name="testSearchValidSystemUsers" time="1.304"/>
  <testcase classname="testCases.TC01_AdminPageTest" name="testSearchValidSystemUsers" time="0.669"/>
  <testcase classname="testCases.TC01_AdminPageTest" name="testSearchInvalidSystemUsers" time="0.735"/>
  <testcase classname="testCases.TC01_AdminPageTest" name="testSearchInvalidSystemUsers" time="0.665"/>
  <testcase classname="testCases.TC01_AdminPageTest" name="logout" time="1.101"/>
  <testcase classname="testCases.TC02_LoginDDT" name="validLogin" time="3.292"/>
  <testcase classname="testCases.TC02_LoginDDT" name="validLogin" time="3.615"/>
  <testcase classname="testCases.TC02_LoginDDT" name="invalidLogin" time="1.568"/>
  <testcase classname="testCases.TC02_LoginDDT" name="invalidLogin" time="1.287"/>
</testsuite> <!-- loginPageTest -->
